<?xml version="1.0" encoding="UTF-8"?>
<!-- Generated by org.testng.reporters.JUnitReportReporter -->
<testsuite hostname="SauravPC" failures="0" tests="1" name="qaclickacademy.AppiumTest" time="0.004" errors="0" timestamp="24 Jun 2021 13:37:17 GMT" skipped="0">
  <testcase classname="qaclickacademy.AppiumTest" name="AppiumTes1t" time="0.004"/>
</testsuite> <!-- qaclickacademy.AppiumTest -->
