<?xml version="1.0" encoding="UTF-8"?>
<!-- Generated by org.testng.reporters.JUnitReportReporter -->
<testsuite hostname="SauravPC" failures="0" tests="1" name="qaclickacademy.SeleniumUITest" time="0.004" errors="0" timestamp="24 Jun 2021 13:37:36 GMT" skipped="0">
  <testcase classname="qaclickacademy.SeleniumUITest" name="SelenUI" time="0.004"/>
</testsuite> <!-- qaclickacademy.SeleniumUITest -->
