<?xml version="1.0" encoding="UTF-8"?>
<!-- Generated by org.testng.reporters.JUnitReportReporter -->
<testsuite skipped="0" hostname="SauravPC" name="qaclickacademy.RestAPITest" tests="1" failures="0" timestamp="24 Jun 2021 13:49:28 GMT" time="0.015" errors="0">
  <testcase name="RestAPI" time="0.015" classname="qaclickacademy.RestAPITest"/>
</testsuite> <!-- qaclickacademy.RestAPITest -->
