<?xml version="1.0" encoding="UTF-8"?>
<!-- Generated by org.testng.reporters.JUnitReportReporter -->
<testsuite skipped="0" hostname="SauravPC" name="qaclickacademy.SeleniumUITest" tests="1" failures="0" timestamp="24 Jun 2021 13:49:28 GMT" time="0.000" errors="0">
  <testcase name="SelenUI" time="0.000" classname="qaclickacademy.SeleniumUITest"/>
</testsuite> <!-- qaclickacademy.SeleniumUITest -->
