<?xml version="1.0" encoding="UTF-8"?>
<!-- Generated by org.testng.reporters.JUnitReportReporter -->
<testsuite skipped="0" hostname="SauravPC" name="qaclickacademy.AppiumTest" tests="1" failures="0" timestamp="24 Jun 2021 13:38:01 GMT" time="0.011" errors="0">
  <testcase name="AppiumTes1t" time="0.011" classname="qaclickacademy.AppiumTest"/>
</testsuite> <!-- qaclickacademy.AppiumTest -->
